2025-06-29 15:46:37,699 INFO    MainThread:44216 [wandb_setup.py:_flush():81] Current SDK version is 0.20.1
2025-06-29 15:46:37,699 INFO    MainThread:44216 [wandb_setup.py:_flush():81] Configure stats pid to 44216
2025-06-29 15:46:37,699 INFO    MainThread:44216 [wandb_setup.py:_flush():81] Loading settings from /home/david/.config/wandb/settings
2025-06-29 15:46:37,699 INFO    MainThread:44216 [wandb_setup.py:_flush():81] Loading settings from /home/david/Área de trabalho/projetos/MicroRTSvqvae/wandb/settings
2025-06-29 15:46:37,699 INFO    MainThread:44216 [wandb_setup.py:_flush():81] Loading settings from environment variables
2025-06-29 15:46:37,699 INFO    MainThread:44216 [wandb_init.py:setup_run_log_directory():703] Logging user logs to /home/david/Área de trabalho/projetos/MicroRTSvqvae/wandb/run-20250629_154637-brcp70op/logs/debug.log
2025-06-29 15:46:37,699 INFO    MainThread:44216 [wandb_init.py:setup_run_log_directory():704] Logging internal logs to /home/david/Área de trabalho/projetos/MicroRTSvqvae/wandb/run-20250629_154637-brcp70op/logs/debug-internal.log
2025-06-29 15:46:37,699 INFO    MainThread:44216 [wandb_init.py:init():831] calling init triggers
2025-06-29 15:46:37,699 INFO    MainThread:44216 [wandb_init.py:init():836] wandb.init called with sweep_config: {}
config: {'epochs': 10, 'batch_size': 32, 'learning_rate': 0.001, '_wandb': {}}
2025-06-29 15:46:37,699 INFO    MainThread:44216 [wandb_init.py:init():872] starting backend
2025-06-29 15:46:37,904 INFO    MainThread:44216 [wandb_init.py:init():875] sending inform_init request
2025-06-29 15:46:37,905 INFO    MainThread:44216 [wandb_init.py:init():883] backend started and connected
2025-06-29 15:46:37,906 INFO    MainThread:44216 [wandb_init.py:init():956] updated telemetry
2025-06-29 15:46:37,909 INFO    MainThread:44216 [wandb_init.py:init():980] communicating run to backend with 90.0 second timeout
2025-06-29 15:46:38,558 INFO    MainThread:44216 [wandb_init.py:init():1032] starting run threads in backend
2025-06-29 15:46:38,623 INFO    MainThread:44216 [wandb_run.py:_console_start():2453] atexit reg
2025-06-29 15:46:38,624 INFO    MainThread:44216 [wandb_run.py:_redirect():2301] redirect: wrap_raw
2025-06-29 15:46:38,624 INFO    MainThread:44216 [wandb_run.py:_redirect():2370] Wrapping output streams.
2025-06-29 15:46:38,624 INFO    MainThread:44216 [wandb_run.py:_redirect():2393] Redirects installed.
2025-06-29 15:46:38,625 INFO    MainThread:44216 [wandb_init.py:init():1078] run started, returning control to user process
2025-06-29 15:46:38,647 ERROR   asyncio_0 :44216 [util.py:get_module():252] [no run ID] Error importing optional module moviepy.video.io.ImageSequenceClip
Traceback (most recent call last):
  File "/home/david/miniconda3/envs/VQVAE/lib/python3.10/site-packages/wandb/util.py", line 218, in import_module_lazy
    return sys.modules[name]
KeyError: 'moviepy.video.io.ImageSequenceClip'

During handling of the above exception, another exception occurred:

Traceback (most recent call last):
  File "/home/david/miniconda3/envs/VQVAE/lib/python3.10/site-packages/wandb/util.py", line 247, in get_module
    return import_module_lazy(name)
  File "/home/david/miniconda3/envs/VQVAE/lib/python3.10/site-packages/wandb/util.py", line 220, in import_module_lazy
    spec = importlib.util.find_spec(name)
  File "/home/david/miniconda3/envs/VQVAE/lib/python3.10/importlib/util.py", line 94, in find_spec
    parent = __import__(parent_name, fromlist=['__path__'])
ModuleNotFoundError: No module named 'moviepy'
2025-06-29 15:46:38,664 INFO    MsgRouterThr:44216 [mailbox.py:close():129] [no run ID] Closing mailbox, abandoning 2 handles.
